C51 COMPILER V9.01   LCD12864                                                              04/13/2014 00:06:36 PAGE 1   


C51 COMPILER V9.01, COMPILATION OF MODULE LCD12864
OBJECT MODULE PLACED IN .\output\LCD12864.obj
COMPILER INVOKED BY: d:\Program Files\Keil51\Keil\C51\BIN\C51.EXE src\LCD12864.c LARGE BROWSE DEBUG OBJECTEXTEND PRINT(.
                    -\LCD12864.lst) OBJECT(.\output\LCD12864.obj)

line level    source

   1          #include "stc12c5a.h"
   2          #include "LCD12864.h" 
   3          
   4          
   5          //unsigned char code user16x16[]={ //–¶¡≥Õº∆¨
   6          //0x0F,0xF0,0x10,0x08,0x20,0x04,0x40,0x02,0x9C,0x39,0xBE,0x7D,0x80,0x01,0x80,0x01,
   7          //0x80,0x01,0x88,0x11,0x84,0x21,0x43,0xC2,0x20,0x04,0x10,0x08,0x0F,0xF0,0x00,0x00,
   8          //};
   9          
  10          
  11          void DelayUs2x(unsigned char t)
  12          { unsigned char i;  
  13   1       while(--t)
  14   1       {
  15   2       for(i=0;i<6;i++)
  16   2        ;
  17   2       }
  18   1      }
  19          /*------------------------------------------------
  20           mS—” ±∫Ø ˝£¨∫¨”– ‰»Î≤Œ ˝ unsigned char t£¨Œﬁ∑µªÿ÷µ
  21           unsigned char  «∂®“ÂŒﬁ∑˚∫≈◊÷∑˚±‰¡ø£¨∆‰÷µµƒ∑∂Œß «
  22           0~255 ’‚¿Ô π”√æß’Ò12M£¨æ´»∑—” ±«Î π”√ª„±‡
  23          ------------------------------------------------*/
  24          void DelaynMs(unsigned char t)
  25          {
  26   1           
  27   1       while(t--)
  28   1       {
  29   2           //¥Û÷¬—” ±1mS
  30   2           DelayUs2x(245);
  31   2        DelayUs2x(245);
  32   2       }
  33   1      }
  34          
  35          void Delays(unsigned int t)
  36          {
  37   1           
  38   1       while(t--)
  39   1       {
  40   2           //¥Û÷¬—” ±1mS
  41   2           DelayUs2x(245);
  42   2        DelayUs2x(245);
  43   2       }
  44   1      }
  45          /*------------------------------------------------
  46                              ºÏ≤‚√¶Œª
  47          ------------------------------------------------*/
  48          void Check_Busy()
  49          {  
  50   1          RS=0;
  51   1          RW=1;
  52   1          E=1;
  53   1          DataPort=0xff;
  54   1          while((DataPort&0x80)==0x80);//√¶‘Úµ»¥˝
C51 COMPILER V9.01   LCD12864                                                              04/13/2014 00:06:36 PAGE 2   

  55   1          E=0;
  56   1      }
  57          /*------------------------------------------------
  58                             –¥√¸¡Ó
  59          ------------------------------------------------*/
  60          void Write_Cmd(unsigned char Cmd)
  61          {
  62   1       Check_Busy();
  63   1       RS=0;
  64   1       RW=0;
  65   1       E=1;
  66   1       DataPort=Cmd;
  67   1       DelayUs2x(5);
  68   1       E=0;
  69   1       DelayUs2x(5);
  70   1      }
  71          /*------------------------------------------------
  72                              –¥ ˝æ›
  73          ------------------------------------------------*/
  74          void Write_Data(unsigned char Data)
  75          {
  76   1       Check_Busy();
  77   1       RS=1;
  78   1       RW=0;
  79   1       E=1;
  80   1       DataPort=Data;
  81   1       DelayUs2x(5);
  82   1       E=0;
  83   1       DelayUs2x(5);
  84   1      }
  85          /*------------------------------------------------
  86                             “∫æß∆¡≥ı ºªØ
  87          ------------------------------------------------*/
  88          void Init_ST7920()
  89          {  
  90   1      
  91   1         DelaynMs(10);
  92   1         Write_Cmd(0x30);       //—°‘Òª˘±æ÷∏¡ÓºØ
  93   1         DelayUs2x(50);         //—” ±¥Û”⁄100us
  94   1         Write_Cmd(0x30);       //—°‘Ò8bit ˝æ›¡˜
  95   1         DelayUs2x(20);         //—” ±¥Û”⁄37us
  96   1         Write_Cmd(0x0c);       //ø™œ‘ æ(Œﬁ”Œ±Í°¢≤ª∑¥∞◊)
  97   1         DelayUs2x(50);         //—” ±¥Û”⁄100us
  98   1         Write_Cmd(0x01);       //«Â≥˝œ‘ æ£¨≤¢«“…Ë∂®µÿ÷∑÷∏’ÎŒ™00H
  99   1         DelaynMs(15);           //—” ±¥Û”⁄10ms
 100   1         Write_Cmd(0x06);       //÷∏∂®‘⁄◊ ¡œµƒ∂¡»°º∞–¥»Î ±£¨…Ë∂®”Œ±Íµƒ“∆∂Ø∑ΩœÚº∞÷∏∂®œ‘ æµƒ“∆Œª£¨π‚±Í¥””“œÚ◊Ûº”1Œ
             -ª“∆∂Ø
 101   1         DelayUs2x(50);         //—” ±¥Û”⁄100us
 102   1      }
 103          /*------------------------------------------------
 104                             ”√ªß◊‘∂®“Â◊÷∑˚
 105          ------------------------------------------------*/
 106          void CGRAM()
 107          { 
 108   1           int i;
 109   1      
 110   1           Write_Cmd(0x30); 
 111   1           Write_Cmd(0x40);
 112   1           for(i=0;i<16;i++)
 113   1             {
 114   2      //        Write_Data(user16x16[i*2]);
 115   2       //       Write_Data(user16x16[i*2+1]);
C51 COMPILER V9.01   LCD12864                                                              04/13/2014 00:06:36 PAGE 3   

 116   2            }
 117   1      }   
 118          /*------------------------------------------------
 119                             œ‘ æ”√ªß◊‘∂®“Â◊÷∑˚
 120          ------------------------------------------------*/
 121          void DisplayCGRAM(unsigned char x,unsigned char y)
 122          { 
 123   1       switch(y)
 124   1           {
 125   2         case 1: Write_Cmd(0x80+x);break;
 126   2         case 2: Write_Cmd(0x90+x);break;
 127   2         case 3: Write_Cmd(0x88+x);break;
 128   2         case 4: Write_Cmd(0x98+x);break;
 129   2            default:break;
 130   2        }
 131   1          Write_Data(00);
 132   1          Write_Data(00);
 133   1      
 134   1      }         
 135          /*------------------------------------------------
 136                             œ‘ æ◊÷∑˚¥Æ
 137          x:∫·◊¯±Í÷µ£¨∑∂Œß0~8
 138          y:◊›◊¯±Í÷µ£¨∑∂Œß1~4
 139          ------------------------------------------------*/
 140          void LCD_PutString(unsigned char x,unsigned char y,unsigned char code *s)
 141          { 
 142   1       switch(y)
 143   1           {
 144   2         case 1: Write_Cmd(0x80+x);break;
 145   2         case 2: Write_Cmd(0x90+x);break;
 146   2         case 3: Write_Cmd(0x88+x);break;
 147   2         case 4: Write_Cmd(0x98+x);break;
 148   2            default:break;
 149   2        }
 150   1       while(*s>0)
 151   1         { 
 152   2            Write_Data(*s);
 153   2            s++;
 154   2            DelayUs2x(250);
 155   2         }
 156   1      }
 157          /*------------------------------------------------
 158                                «Â∆¡
 159          ------------------------------------------------*/
 160          void ClrScreen()
 161          { 
 162   1         Write_Cmd(0x01);
 163   1         DelaynMs(15);
 164   1      }
 165              
 166          /*------------------------------------------------
 167                             œ‘ æÕº∆¨
 168          ------------------------------------------------*/
 169          void LCD_PutGraphic(unsigned char code *img)
 170          { 
 171   1       int i,j;
 172   1      //œ‘ æ…œ∞Î∆¡ƒ⁄»›…Ë÷√
 173   1         for(i=0;i<32;i++)            
 174   1          { 
 175   2            Write_Cmd(0x80 + i); //SET  ¥π÷±µÿ÷∑ VERTICAL ADD
 176   2            Write_Cmd(0x80);     //SET  ÀÆ∆Ωµÿ÷∑ HORIZONTAL ADD
 177   2            for(j=0;j<16;j++)
C51 COMPILER V9.01   LCD12864                                                              04/13/2014 00:06:36 PAGE 4   

 178   2             {
 179   3               Write_Data(*img);
 180   3               img++;
 181   3             }
 182   2          }
 183   1      //œ‘ æœ¬∞Î∆¡ƒ⁄»›…Ë÷√
 184   1         for(i=0;i<32;i++)            
 185   1          {
 186   2            Write_Cmd(0x80 + i); //SET ¥π÷±µÿ÷∑ VERTICAL ADD
 187   2            Write_Cmd(0x88);     //SET ÀÆ∆Ωµÿ÷∑ HORIZONTAL ADD
 188   2            for(j=0;j<16;j++)
 189   2             {
 190   3               Write_Data(*img);
 191   3               img++;
 192   3             }
 193   2          }  
 194   1                 
 195   1      }
 196          /*------------------------------------------------
 197                           …Ë÷√µΩªÊÕºƒ£ Ω
 198          ------------------------------------------------*/
 199          void SetGraphicMode()
 200          { 
 201   1         Write_Cmd(0x36);       //—°‘Ò8bit ˝æ›¡˜ Õº–Œƒ£ Ω
 202   1         DelayUs2x(20);
 203   1      
 204   1      }


MODULE INFORMATION:   STATIC OVERLAYABLE
   CODE SIZE        =    468    ----
   CONSTANT SIZE    =   ----    ----
   XDATA SIZE       =   ----       2
   PDATA SIZE       =   ----    ----
   DATA SIZE        =   ----    ----
   IDATA SIZE       =   ----    ----
   BIT SIZE         =   ----    ----
END OF MODULE INFORMATION.


C51 COMPILATION COMPLETE.  0 WARNING(S),  0 ERROR(S)
