C51 COMPILER V9.01   MAIN                                                                  04/13/2014 00:06:36 PAGE 1   


C51 COMPILER V9.01, COMPILATION OF MODULE MAIN
OBJECT MODULE PLACED IN .\output\main.obj
COMPILER INVOKED BY: d:\Program Files\Keil51\Keil\C51\BIN\C51.EXE src\main.c LARGE BROWSE DEBUG OBJECTEXTEND PRINT(.\mai
                    -n.lst) OBJECT(.\output\main.obj)

line level    source

   1          
   2          #include "systerm.h"
   3          #include <intrins.h>
   4          
   5          sbit KEY1   = P2^0;
   6          sbit KEY2   = P2^1;
   7          sbit KEY3   = P2^2;
   8          sbit KEY4   = P2^3;
   9          
  10          
  11          sbit BELL   = P1^5;
  12          
  13          extern U8  U8T_data_H,U8T_data_L,U8RH_data_H,U8RH_data_L,U8checkdata;
  14          bit disp_flag=0;
  15          
  16          bit hold_flag = 0;
  17          
  18          char timer_flagss=0;
  19          unsigned char statu_count;
  20          unsigned char new_msm_flag = 0;
  21          unsigned char RcvNum[] = "15118104927";
  22          unsigned char ChgNum[sizeof(RcvNum)+1] = "";
  23          //在此处修改发送号码和内容
  24          uchar n[13] = "15118104927";//短信号码
  25          
  26          
  27          //以下是用来发送短信的号码
  28          /***********************号码说明******************************************************
  29          UDP短信格式显示时，GPRS模块发送出来的来信号码带有编码规则，比如使用号码1252015296811438发送短信
  30          那么收到的号码会被“两位一反，奇数补F”规则变换，比如前面两位是12那么变成21，下两位是52，变成25.
  31          完成后是"2125102569184183"号码个数是偶数，不用加F，如果是奇数要在最后就加上F后在两位一反。比如：
  32          号码是：15296811438，11位数，那么要先加F：15296811438F,再变成：5192861134F8.
  33          **************************************************************************************/
  34          
  35          
  36            
  37          unsigned char T_UP,T_DOWN,HR_UP,HR_DOWN;
  38          
  39          
  40          /******************************************************************************
  41           * Delay15ms: 
  42           * 函数原型: - 
  43           * 函数功能: 
  44           * 输入参数: 
  45           * 输出参数: 
  46           * 编写日期：   2014/04/13, ChenxianLong create this function
  47           ******************************************************************************/
  48          void Delay15ms()                //@11.0592MHz
  49          {
  50   1              unsigned char i, j, k;
  51   1      
  52   1              i = 1;
  53   1              j = 162;
  54   1              k = 89;
C51 COMPILER V9.01   MAIN                                                                  04/13/2014 00:06:36 PAGE 2   

  55   1              do
  56   1              {
  57   2                      do
  58   2                      {
  59   3                              while (--k);
  60   3                      } while (--j);
  61   2              } while (--i);
  62   1      }
  63          
  64          
  65          
  66          /******************************************************************************
  67           * bell_sound: 
  68           * 函数原型: -bell_sound() 
  69           * 函数功能: 蜂鸣器发出响声
  70           * 输入参数: 
  71           * 输出参数: 
  72           * 编写日期：   2014/04/13, ChenxianLong create this function
  73           ******************************************************************************/
  74          void bell_sound()
  75          {
  76   1      ;
  77   1       BELL=0;
  78   1       DelaynMs(5);
  79   1       BELL=1;
  80   1      }
  81          
  82             /***************串口打印温湿度值程序程序************************/
  83          /*函数原型:void UART2_SentWarningMessage(unsigned char T_DOWN,unsigned char  T_UP,unsigned char H_DOWN,uns
             -igned char  H_UP,unsigned char num,unsigned char num1)
  84          /*函数功能:接收指定手机号码短信命令
  85          /*输入参数:T_DOWN,char  T_UP,char H_DOWN,char  H_UP,char num,char num1
  86                             温度下限值，温度上限，湿度下限值，湿度上限值，温度值，湿度值。
  87          /*输出参数:无
  88          /********************************************************************/
  89          
  90          /******************************************************************************
  91           * UART2_SentWarningMessage: 
  92           * 函数原型: - 
  93           * 函数功能: 
  94           * 输入参数: 
  95           * 输出参数: 
  96           * 编写日期：   2014/04/13, ChenxianLong create this function
  97           ******************************************************************************/
  98          void UART2_SentWarningMessage(unsigned char T_DOWN,unsigned char  T_UP,unsigned char H_DOWN,unsigned char 
             - H_UP,unsigned char num,unsigned char num1)
  99            {
 100   1              unsigned char a[1],b[1];
 101   1              unsigned char TT_UP[1],TT_DOWN[1],HH_UP[1],HH_DOWN[1];;
 102   1      //      Uart2SendStr("Danger warning!The current temperature or humidity is abnormal.");
 103   1              Uart2SendStr("Danger warning!Detection is abnormal.  ");
 104   1      
 105   1              Uart2SendStr("Temperature range is ");
 106   1              TT_DOWN[0]='0'+T_DOWN/10;
 107   1              TT_DOWN[1]='0'+T_DOWN%10;
 108   1              Uart2SendHex(TT_DOWN[0]);
 109   1              Uart2SendHex(TT_DOWN[1]);
 110   1              Uart2SendHex('c');
 111   1          Uart2SendHex('~');
 112   1              TT_UP[0]='0'+T_UP/10;
 113   1              TT_UP[1]='0'+T_UP%10;
 114   1              Uart2SendHex(TT_UP[0]);
C51 COMPILER V9.01   MAIN                                                                  04/13/2014 00:06:36 PAGE 3   

 115   1              Uart2SendHex(TT_UP[1]);
 116   1                      Uart2SendHex('c');
 117   1              Uart2SendHex('.');
 118   1      
 119   1              Uart2SendStr("Humidity range is ");
 120   1              HH_DOWN[0]='0'+H_DOWN/10;
 121   1              HH_DOWN[1]='0'+H_DOWN%10;
 122   1              Uart2SendHex(HH_DOWN[0]);
 123   1              Uart2SendHex(HH_DOWN[1]);
 124   1              Uart2SendHex('%');
 125   1          Uart2SendHex('~');
 126   1              HH_UP[0]='0'+H_UP/10;
 127   1              HH_UP[1]='0'+H_UP%10;
 128   1              Uart2SendHex(HH_UP[0]);
 129   1              Uart2SendHex(HH_UP[1]);
 130   1              Uart2SendHex('%');
 131   1              Uart2SendHex('.');
 132   1      
 133   1              Uart2SendStr(" But current temperature value is : ");
 134   1              a[0] = '0'+num/10;
 135   1              a[1] = '0'+num%10;
 136   1      
 137   1                      Uart2SendHex(a[0]);
 138   1                      Uart2SendHex(a[1]);
 139   1                      Uart2SendHex('c');
 140   1                      Uart2SendHex('.');
 141   1      
 142   1         Uart2SendStr("humidity value is : ");
 143   1      
 144   1              b[0] = '0'+num1/10;
 145   1              b[1] = '0'+num1%10;
 146   1      
 147   1                      Uart2SendHex(b[0]);
 148   1                      Uart2SendHex(b[1]);
 149   1                      Uart2SendHex('%');
 150   1                      Uart2SendHex('.');
 151   1                  //Uart1SendStr("\r\n");
 152   1        }
 153          
 154          //将gsm模块发送出来的来信号码转变成CS2编码
 155          
 156          /******将gsm模块发送出来的来信号码转变成CS2编码************************/
 157          /*函数原型:ChangeNum(uchar* num, uchar* des)
 158          /*函数功能:将gsm模块发送出来的来信号码转变成CS2编码
 159          /*输入参数:uchar* num,
 160                     uchar* des
 161          /*输出参数:无
 162          /********************************************************************/
 163          void ChangeNum(uchar* num, uchar* des)
 164          {
 165   1              char n=0,i=0;
 166   1      
 167   1              while(num[n]!=0)
 168   1              {
 169   2                      n++;
 170   2              }
 171   1      
 172   1              if(n&0x01 == 1)
 173   1              {
 174   2                      num[n] = 'F';   
 175   2              }
 176   1      
C51 COMPILER V9.01   MAIN                                                                  04/13/2014 00:06:36 PAGE 4   

 177   1              for(i=0; i<=n; i=i+2)
 178   1              {
 179   2                      des[i] = num[i+1];
 180   2                      des[i+1] = num[i];      
 181   2              }       
 182   1      }
 183          
 184          
 185          
 186          
 187          /***************************显示温湿度值程序************************/
 188          /*函数原型:void disp_T_HR(unsigned char T_data,unsigned char RH_data)
 189          /*函数功能:显示温湿度值
 190          /*输入参数:unsigned char T_data  温度值
 191                     unsigned char RH_data 湿度值
 192                            
 193          /*输出参数:无
 194          /********************************************************************/
 195          
 196          void Disp_T_HR(unsigned char T_data,unsigned char RH_data)
 197          {
 198   1      
 199   1      
 200   1                               LCD_PutString(0,1,"温度");
 201   1                              
 202   1                               Write_Data(0x30+T_data/10); 
 203   1                               Write_Data(0x30+T_data%10);
 204   1                               LCD_PutString(3,1,"℃");
 205   1                               LCD_PutString(4,1,"湿度");
 206   1                              
 207   1                               Write_Data(0x30+RH_data/10); 
 208   1                               Write_Data(0x30+RH_data%10);
 209   1                               Write_Data('%');
 210   1      }
 211          
 212          /***************************显示温湿度上下限值函数************************/
 213          /*函数原型:void disp_T_HR(unsigned char T_data,unsigned char RH_data)
 214          /*函数功能:显示温湿度温湿度上下限值
 215          /*输入参数:无
 216                            
 217          /*输出参数:无
 218          /********************************************************************/
 219           
 220          void Disp_T_HR_updown()
 221          {
 222   1               LCD_PutString(0,3,"T_U:");
 223   1                       Write_Data(0x30+T_UP/10); 
 224   1                       Write_Data(0x30+T_UP%10);
 225   1                       Write_Data(0x18);       //向上箭头
 226   1                       LCD_PutString(0,4,"T_D:");
 227   1                       Write_Data(0x30+T_DOWN/10); 
 228   1                       Write_Data(0x30+T_DOWN%10);
 229   1                       Write_Data(0x19);       //向下箭头
 230   1                      
 231   1                       LCD_PutString(4,3,"H_U:");
 232   1                       Write_Data(0x30+HR_UP/10); 
 233   1                       Write_Data(0x30+HR_UP%10);
 234   1                       Write_Data(0x18);       //向上箭头
 235   1                       LCD_PutString(4,4,"H_D:");
 236   1                       Write_Data(0x30+HR_DOWN/10); 
 237   1                       Write_Data(0x30+HR_DOWN%10);
 238   1                       Write_Data(0x19);       //向下箭头
C51 COMPILER V9.01   MAIN                                                                  04/13/2014 00:06:36 PAGE 5   

 239   1      
 240   1      
 241   1      }
 242          
 243          
 244           /***************************拨打电话程序************************/
 245          /*函数原型:void call_phone()
 246          /*函数功能:拨打电话
 247          /*输入参数:无
 248                            
 249          /*输出参数:无
 250          /********************************************************************/
 251          
 252           void call_phone()//拨打电话函数
 253           {
 254   1              ClrScreen();
 255   1              DelaySec(2);            
 256   1         
 257   1              while(!Hand("OK"))//与GSM模块握手，判断是否收到GSM模块返回的OK
 258   1              {
 259   2                      Uart2SendStr("ATE1\r");//打开回显命令
 260   2                      LCD_PutString(0,2,"连接中...");
 261   2                  DelaySec(1);
 262   2                      ClrScreen();
 263   2                      
 264   2              }
 265   1              CleanGsmRcv();//清除接收缓存
 266   1      
 267   1              ClrScreen();
 268   1      
 269   1              while(!(Hand("+CREG: 1,1") || Hand("+CREG: 1,5")))//检测是否以注册到服务商
 270   1              {
 271   2                      Uart2SendStr("AT+CREG=1\r");//设置服务商状态为数据显示
 272   2                      LCD_PutString(0,2,"注册到服务商");
 273   2                      DelaySec(1);
 274   2                      ClrScreen();
 275   2                      Uart2SendStr("AT+CREG?\r");//检测服务商状态
 276   2                      LCD_PutString(0,2,"服务商状态OK");
 277   2                      DelaySec(1);
 278   2                      ClrScreen();            
 279   2              }
 280   1              CleanGsmRcv();//清除接收缓存
 281   1      
 282   1      
 283   1      
 284   1              Uart2SendStr("ATH\r");//拨打前先把电话挂断。
 285   1              bell_sound();
 286   1              LCD_PutString(0,2,"拨号");
 287   1              DelaySec(2);
 288   1              ClrScreen();
 289   1              Uart2SendStr("ATD15118104927;\r");//拨打15577304201
 290   1              LCD_PutString(0,2,"电话15118104927");
 291   1              DelaySec(2);
 292   1              ClrScreen();
 293   1              while(!Hand("+CLCC: 1,0,0")&&(timer_flagss==1))//检查是否已打通，收到+CLCC: 1,0,0，证明已经打通电话了。
 294   1              {
 295   2                      CleanGsmRcv();
 296   2                      Uart2SendStr("AT+CLCC\r");//测试接通状态
 297   2                      bell_sound();
 298   2                      LCD_PutString(0,2,"拨号中.");
 299   2                      DelaySec(2);
 300   2                      LCD_PutString(0,2,"拨号中..");
C51 COMPILER V9.01   MAIN                                                                  04/13/2014 00:06:36 PAGE 6   

 301   2                      DelaySec(2);
 302   2                      LCD_PutString(0,2,"拨号中...");
 303   2                      DelaySec(2);
 304   2                      LCD_PutString(0,2,"拨号中....");
 305   2                      DelaySec(2);
 306   2                      LCD_PutString(0,2,"拨号中.....");
 307   2                      DelaySec(2);
 308   2                      LCD_PutString(0,2,"拨号中......");
 309   2                      DelaySec(2);
 310   2                      ClrScreen();
 311   2                      bell_sound();
 312   2                      LCD_PutString(0,2,"挂断电话");
 313   2                      Uart2SendStr("ATH\r");//测试接通状态
 314   2                      DelaySec(5);
 315   2                      ClrScreen();
 316   2                      timer_flagss=0;
 317   2                              
 318   2              }
 319   1              
 320   1      
 321   1       }
 322          
 323          /***************************发送英文短信程序************************/
 324          /*函数原型:sent_EnMessage()
 325          /*函数功能:发送短信
 326          /*输入参数:无
 327                            
 328          /*输出参数:无
 329          /********************************************************************/
 330          
 331           void sent_EnMessage()
 332           {        
 333   1              while(!Hand("OK"))//与GSM模块握手，判断是否收到GSM模块返回的OK
 334   1              {   ClrScreen();
 335   2                  bell_sound();
 336   2                      LCD_PutString(0,2,"发送短信.");
 337   2                      Uart2SendStr("ATE1\r");//打开回显命令
 338   2                      DelaySec(1);
 339   2              
 340   2              }
 341   1              CleanGsmRcv();//清除接收缓存
 342   1      
 343   1              while(!(Hand("+CREG: 1,1") || Hand("+CREG: 1,5")))//检测是否以注册到服务商
 344   1              {       LCD_PutString(0,2,"发送短信..");
 345   2                      Uart2SendStr("AT+CREG=1\r");//设置服务商状态为数据显示
 346   2                      DelaySec(1);
 347   2                      Uart2SendStr("AT+CREG?\r");//检测服务商状态
 348   2                      DelaySec(1);            
 349   2              }
 350   1              CleanGsmRcv();//清除接收缓存
 351   1      
 352   1      
 353   1              while(!Hand("OK"))//与GSM模块握手，判断是否收到GSM模块返回的OK
 354   1              {
 355   2      
 356   2                      LCD_PutString(0,2,"发送短信...");
 357   2                      Uart2SendStr("AT+CMGD=1\r");//清除第一个位置的短信
 358   2                      DelaySec(2);
 359   2              //      ClrScreen();            
 360   2              }
 361   1              CleanGsmRcv();//清除接收缓存
 362   1      
C51 COMPILER V9.01   MAIN                                                                  04/13/2014 00:06:36 PAGE 7   

 363   1              
 364   1              Uart2SendStr("AT+CMGF=1\r");//设置英文方式发送，当然也可以用中文的AT+CMGF=0，不过发送方式不太一样，具体请
             -看相关程序
 365   1              LCD_PutString(0,2,"发送短信....");
 366   1              DelaySec(2);
 367   1              Uart2SendStr("AT+CMGS=\"15118104927\"\r");//发送指令设置10086电话是短信发送的号码
 368   1              while(!Hand(">"));//与GSM模块握手，判断是否收到GSM模块返回的OK                                  
 369   1      //      Uart2SendStr("temperature is higt");
 370   1      //      UART2_PutStringAndNumH("Danger warning!The current temperature or humidity is abnormal.  temperature is
             -:",U8T_data_H," humidity is:",U8RH_data_H);
 371   1          UART2_SentWarningMessage(T_DOWN,T_UP,HR_DOWN,HR_UP,U8T_data_H,U8RH_data_H);
 372   1      //      Uart2SendHex('0'+1);
 373   1      //      Uart2SendStr("103");//103 为发送的内容
 374   1              CleanGsmRcv();//清除接收缓存
 375   1              Uart2SendHex(0x1a);//以0x1a来结束，表示内容结束，发送短信
 376   1              while(!Hand("+CMGS"));
 377   1              bell_sound();
 378   1              LCD_PutString(0,2,"短信发送成功.");
 379   1              DelaySec(2);
 380   1              ClrScreen();
 381   1              timer_flagss=0;         
 382   1      }
 383          
 384          
 385          /******************************************************************************
 386           * key_processing: 
 387           * 函数原型: - key_processing() 
 388           * 函数功能: 按键处理函数
 389           * 输入参数: 无
 390           * 输出参数: 无
 391           * 编写日期：   2014/04/13, ChenxianLong create this function
 392           ******************************************************************************/
 393            void key_processing()
 394           {
 395   1       
 396   1        if(!KEY1)  //如果检测到低电平，说明按键按下
 397   1          {
 398   2               Delay15ms(); //延时去抖，一般10-20ms
 399   2           if(!KEY1)     //再次确认按键是否按下，没有按下则退出
 400   2                 {
 401   3              while(!KEY1);//如果确认按下按键等待按键释放，没有释放则一直等待
 402   3                     {
 403   4                         bell_sound();
 404   4                         disp_flag=1;    //关闭显示
 405   4                         statu_count++;
 406   4                         if(statu_count>=5)
 407   4                         {
 408   5                         statu_count=0;
 409   5                         disp_flag=0;
 410   5                         Write_Cmd(0x0C);       //开显示(无游标、不反白)
 411   5                         }
 412   4                         switch(statu_count)
 413   4                         {
 414   5                                 case 1: Write_Cmd(0x0f);
 415   5                                 Write_Cmd(0x88+2);
 416   5      
 417   5      
 418   5                                         break;
 419   5                                         case 2: Write_Cmd(0x0f);
 420   5                                 Write_Cmd(0x98+2);
 421   5      
 422   5                                         break;
C51 COMPILER V9.01   MAIN                                                                  04/13/2014 00:06:36 PAGE 8   

 423   5                                         case 3: Write_Cmd(0x0f);
 424   5                                 Write_Cmd(0x88+6);
 425   5      
 426   5                                         break;
 427   5                                         case 4: Write_Cmd(0x0f);
 428   5                                 Write_Cmd(0x98+6);
 429   5      
 430   5                                         break;
 431   5                                         default:break;
 432   5                         
 433   5                         
 434   5                         }
 435   4      
 436   4                              }
 437   3                 }
 438   2                
 439   2                }
 440   1                          if(!KEY2)  //如果检测到低电平，说明按键按下
 441   1          {
 442   2               Delay15ms(); //延时去抖，一般10-20ms
 443   2           if(!KEY2)     //再次确认按键是否按下，没有按下则退出
 444   2                 {
 445   3              while(!KEY2);//如果确认按下按键等待按键释放，没有释放则一直等待
 446   3                      {
 447   4                          bell_sound();
 448   4      
 449   4                         disp_flag=0;
 450   4                         Write_Cmd(0x0C);    
 451   4      
 452   4                              }
 453   3                 }
 454   2                
 455   2                }
 456   1                        if(!KEY3)  //如果检测到低电平，说明按键按下
 457   1          {
 458   2               Delay15ms(); //延时去抖，一般10-20ms
 459   2           if(!KEY3)     //再次确认按键是否按下，没有按下则退出
 460   2                 {
 461   3              while(!KEY3);//如果确认按下按键等待按键释放，没有释放则一直等待
 462   3                      {
 463   4                           
 464   4                                bell_sound();
 465   4                              if((disp_flag==1)&&(statu_count==1))
 466   4                              {
 467   5                              
 468   5                                      T_UP++;
 469   5                                              Write_Cmd(0x0C);       //开显示(无游标、不反白)
 470   5                                              Disp_T_HR(U8T_data_H,U8RH_data_H); 
 471   5                                              Disp_T_HR_updown();
 472   5                                if(T_UP==100)
 473   5                                {
 474   6                                T_UP=99;
 475   6                                
 476   6                                }
 477   5                              
 478   5                              } 
 479   4                                      
 480   4                              if((disp_flag==1)&&(statu_count==2))
 481   4                              {
 482   5                              
 483   5                                      T_DOWN++;
 484   5                                              Write_Cmd(0x0C);       //开显示(无游标、不反白)
C51 COMPILER V9.01   MAIN                                                                  04/13/2014 00:06:36 PAGE 9   

 485   5                                              Disp_T_HR(U8T_data_H,U8RH_data_H); 
 486   5                                              Disp_T_HR_updown();
 487   5                                if(T_DOWN==100)
 488   5                                {
 489   6                                T_DOWN=99;
 490   6                                
 491   6                                }
 492   5                              
 493   5                              } 
 494   4      
 495   4                                              if((disp_flag==1)&&(statu_count==3))
 496   4                              {
 497   5                              
 498   5                                      HR_UP++;
 499   5                                              Write_Cmd(0x0C);       //开显示(无游标、不反白)
 500   5                                              Disp_T_HR(U8T_data_H,U8RH_data_H); 
 501   5                                              Disp_T_HR_updown();
 502   5                                if(HR_UP==100)
 503   5                                {
 504   6                                HR_UP=99;
 505   6                                
 506   6                                }
 507   5                              
 508   5                              } 
 509   4      
 510   4                                                      if((disp_flag==1)&&(statu_count==4))
 511   4                              {
 512   5                              
 513   5                                      HR_DOWN++;
 514   5                                              Write_Cmd(0x0C);       //开显示(无游标、不反白)
 515   5                                              Disp_T_HR(U8T_data_H,U8RH_data_H); 
 516   5                                              Disp_T_HR_updown();
 517   5                                if(HR_DOWN==100)
 518   5                                {
 519   6                                HR_DOWN=99;
 520   6                                }
 521   5                              
 522   5                              } 
 523   4              
 524   4                              }
 525   3                 }
 526   2                
 527   2                }
 528   1                if(!KEY4)  //如果检测到低电平，说明按键按下
 529   1          {
 530   2               Delay15ms(); //延时去抖，一般10-20ms
 531   2           if(!KEY4)     //再次确认按键是否按下，没有按下则退出
 532   2                 {
 533   3              while(!KEY4);//如果确认按下按键等待按键释放，没有释放则一直等待
 534   3                      {    bell_sound();
 535   4                                      if((disp_flag==1)&&(statu_count==1))
 536   4                              {
 537   5                              
 538   5                                          T_UP--;
 539   5                                      Write_Cmd(0x0C);       //开显示(无游标、不反白)
 540   5                                              Disp_T_HR(U8T_data_H,U8RH_data_H); 
 541   5                                              Disp_T_HR_updown();
 542   5                                if(T_UP==255)
 543   5                                {
 544   6                                T_UP=0;
 545   6                                
 546   6                                }
C51 COMPILER V9.01   MAIN                                                                  04/13/2014 00:06:36 PAGE 10  

 547   5                              
 548   5                              } 
 549   4                                      if((disp_flag==1)&&(statu_count==2))
 550   4                              {
 551   5                              
 552   5                                      T_DOWN--;
 553   5                                              Write_Cmd(0x0C);       //开显示(无游标、不反白)
 554   5                                              Disp_T_HR(U8T_data_H,U8RH_data_H); 
 555   5                                              Disp_T_HR_updown();
 556   5                                if(T_DOWN==255)
 557   5                                {
 558   6                                T_DOWN=0;
 559   6                                
 560   6                                }
 561   5                              
 562   5                              }
 563   4                                      if((disp_flag==1)&&(statu_count==3))
 564   4                              {
 565   5                              
 566   5                                      HR_UP--;
 567   5                                              Write_Cmd(0x0C);       //开显示(无游标、不反白)
 568   5                                              Disp_T_HR(U8T_data_H,U8RH_data_H); 
 569   5                                              Disp_T_HR_updown();
 570   5                                if(HR_UP==255)
 571   5                                {
 572   6                                HR_UP=0;
 573   6                                
 574   6                                }
 575   5                              
 576   5                              } 
 577   4                              
 578   4                                                      if((disp_flag==1)&&(statu_count==4))
 579   4                              {
 580   5                              
 581   5                                      HR_DOWN--;
 582   5                                              Write_Cmd(0x0C);       //开显示(无游标、不反白)
 583   5                                              Disp_T_HR(U8T_data_H,U8RH_data_H); 
 584   5                                              Disp_T_HR_updown();
 585   5                                if(HR_DOWN==255)
 586   5                                {
 587   6                                HR_DOWN=0;
 588   6                                
 589   6                                }
 590   5                              
 591   5                              }  
 592   4                         
 593   4                              }
 594   3                 }
 595   2                
 596   2                }
 597   1               
 598   1       }
 599          
 600          
 601          /******************************************************************************
 602           * receve_message: 
 603           * 函数原型: -  receve_message()
 604           * 函数功能: 短信接收函数
 605           * 输入参数: 
 606           * 输出参数: 
 607           * 编写日期：   2014/04/13, ChenxianLong create this function
 608           ******************************************************************************/
C51 COMPILER V9.01   MAIN                                                                  04/13/2014 00:06:36 PAGE 11  

 609           void receve_message() //接收短信
 610           {
 611   1       
 612   1       if(Hand("+CMTI"))//收到短信，GSM模块会发来+CMTI字符
 613   1                      {
 614   2                                      ClrScreen();
 615   2                                      bell_sound();
 616   2                                      LCD_PutString(0,2,"收到短信...");
 617   2                                      
 618   2                                      Uart2SendStr("AT+CMGF=1\r");//设置为UDP短信格式
 619   2                                      DelaySec(1);
 620   2                                      CleanGsmRcv();
 621   2                                      Uart2SendStr("AT+CMGR=1\r");//读出第一个位置的短信
 622   2                                      DelaySec(3);
 623   2                                      new_msm_flag = 1;
 624   2                                      ClrScreen();
 625   2                                      
 626   2                      }
 627   1                              if(Hand(ChgNum) && new_msm_flag == 1)
 628   1                           {
 629   2                                      bell_sound();
 630   2                                      LCD_PutString(0,2,"指定号码");
 631   2                                      DelaySec(2);
 632   2                                      ClrScreen();
 633   2                              
 634   2                              if(Hand("ledon"))
 635   2                              {
 636   3                                  bell_sound();
 637   3                              LCD_PutString(0,2,"开灯");
 638   3                                      DelaySec(2);
 639   3                                      ClrScreen();                                    
 640   3                              }
 641   2                      
 642   2                              else if(Hand("ledoff"))
 643   2                              {
 644   3                                  bell_sound();
 645   3                                      LCD_PutString(0,2,"关灯");
 646   3                                      DelaySec(2);                    
 647   3                              }
 648   2      
 649   2                                      else if(Hand("message"))
 650   2                              {
 651   3                                  bell_sound();
 652   3                                      LCD_PutString(0,2,"message");
 653   3                                      DelaySec(2);    
 654   3                                  sent_EnMessage();   
 655   3                              }
 656   2                              
 657   2                              else
 658   2                              {
 659   3                                  bell_sound();
 660   3                                      LCD_PutString(0,2,"无效指令");
 661   3                                      DelaySec(2);
 662   3                                      ClrScreen();
 663   3                                                      
 664   3                              }
 665   2                      
 666   2                              
 667   2                                      bell_sound();
 668   2                                      Uart2SendStr("AT+CMGD=1\r");//清除第一个位置的短信
 669   2                                      LCD_PutString(0,2,"DEL MESSAGE");//LCD显示
 670   2                                      DelaySec(2);
C51 COMPILER V9.01   MAIN                                                                  04/13/2014 00:06:36 PAGE 12  

 671   2                              CleanGsmRcv();
 672   2                                      new_msm_flag = 0;
 673   2                                      ClrScreen();
 674   2                      
 675   2                              
 676   2                                                              
 677   2                      }
 678   1                      else if(!Hand(ChgNum) && new_msm_flag == 1)
 679   1                      {
 680   2                              bell_sound();
 681   2                              LCD_PutString(0,2,"陌生号码");//LCD显示
 682   2                              DelaySec(2);
 683   2                              
 684   2                              ClrScreen();
 685   2                              Uart2SendStr("AT+CMGD=1\r");//清除第一个位置的短信
 686   2                              bell_sound();   
 687   2                              LCD_PutString(0,2,"DEL MESSAGE");//LCD显示
 688   2                              DelaySec(2);
 689   2                              
 690   2                              CleanGsmRcv();
 691   2                              new_msm_flag = 0;
 692   2                              ClrScreen();
 693   2                              
 694   2                      
 695   2                      }
 696   1      
 697   1      
 698   1       
 699   1       }
 700          
 701          /******************************************************************************
 702           * main: 
 703           * 函数原型: - 
 704           * 函数功能: 
 705           * 输入参数: 
 706           * 输出参数: 
 707           * 编写日期：   2014/04/13, ChenxianLong create this function
 708           ******************************************************************************/
 709          void main()
 710          {   
 711   1       
 712   1          T_DOWN=20;
 713   1              T_UP=43;
 714   1              HR_DOWN=30;
 715   1              HR_UP=80;
 716   1      
 717   1          Init_Timer1();
 718   1              Timer0Init(); 
 719   1      //  调整输入函数的加载值可以改变串口波特率
 720   1      //      Uart1Init(0,1,184);//初始化串口，设置波特率4800
 721   1      //      Uart2Init(0,1,220);//初始化串口，设置波特率9600
 722   1      //      Uart2Init(0,1,232);//初始化串口，设置波特率14400
 723   1      //      Uart1Init(0,1,253);//初始化串口，设置波特率115200
 724   1              Uart1Init(0,1,220);//初始化串口，设置波特率9600
 725   1              Uart2Init(0,1,220);//初始化串口，设置波特率9600
 726   1      //      Uart1Init(0,0,232);//初始化串口，设置波特率1200
 727   1      //      Uart2Init(0,0,232);//初始化串口，设置波特率1200
 728   1              CleanGsmRcv();
 729   1              CGRAM();     //写入自定义字符
 730   1          Init_ST7920();   //初始化 
 731   1              LCD_PutString(0,1,"液晶初始化...");
 732   1              DelaySec(2);
C51 COMPILER V9.01   MAIN                                                                  04/13/2014 00:06:36 PAGE 13  

 733   1              ClrScreen();
 734   1              bell_sound();
 735   1              timer_flagss=1;
 736   1              disp_flag=0;
 737   1      
 738   1         
 739   1          
 740   1      
 741   1       while(1)
 742   1         {
 743   2      
 744   2               receve_message();
 745   2      
 746   2       if(!disp_flag)
 747   2       {
 748   3              
 749   3              Disp_T_HR(U8T_data_H,U8RH_data_H); 
 750   3              Disp_T_HR_updown();
 751   3              if(((U8T_data_H>T_UP)||(U8T_data_H<T_DOWN)||(U8RH_data_H>HR_UP)||(U8RH_data_H<HR_DOWN))&&(timer_flagss==1
             -))
 752   3              {
 753   4         // call_phone(); 
 754   4            sent_EnMessage();
 755   4      
 756   4              }
 757   3      
 758   3                 key_processing();
 759   3              }
 760   2              
 761   2      
 762   2                         
 763   2                      
 764   2         key_processing();
 765   2      } 
 766   1      
 767   1      }
 768          
 769          


MODULE INFORMATION:   STATIC OVERLAYABLE
   CODE SIZE        =   2515    ----
   CONSTANT SIZE    =    623    ----
   XDATA SIZE       =     45      22
   PDATA SIZE       =   ----    ----
   DATA SIZE        =   ----    ----
   IDATA SIZE       =   ----    ----
   BIT SIZE         =      2    ----
END OF MODULE INFORMATION.


C51 COMPILATION COMPLETE.  0 WARNING(S),  0 ERROR(S)
